<?xml version="1.0" encoding="UTF-8"?>
<!-- Generated by org.testng.reporters.JUnitReportReporter -->
<testsuite hostname="DESKTOP-PBGSVI3" failures="0" tests="4" name="htmlreport" time="32.793" errors="0" timestamp="2023-03-10T10:24:29 IST" skipped="0">
  <testcase classname="htmlreport" name="tc1" time="31.179"/>
  <system-out/>
  <testcase classname="htmlreport" name="tc2" time="0.004"/>
  <system-out/>
  <testcase classname="htmlreport" name="tc3" time="0.004"/>
  <system-out/>
  <testcase classname="htmlreport" name="tc4" time="1.606"/>
  <system-out/>
</testsuite> <!-- htmlreport -->
