<?xml version="1.0" encoding="UTF-8"?>
<!-- Generated by org.testng.reporters.JUnitReportReporter -->
<testsuite hostname="DESKTOP-PBGSVI3" failures="0" tests="4" name="ch4testng" time="7.128" errors="0" timestamp="2023-03-08T20:15:54 IST" skipped="0">
  <testcase classname="ch4testng" name="tc3" time="2.050"/>
  <system-out/>
  <testcase classname="ch4testng" name="tc4" time="2.061"/>
  <system-out/>
  <testcase classname="ch4testng" name="tc1" time="2.103"/>
  <system-out/>
  <testcase classname="ch4testng" name="tc2" time="0.914"/>
  <system-out/>
</testsuite> <!-- ch4testng -->
