<?xml version="1.0" encoding="UTF-8"?>
<!-- Generated by org.testng.reporters.JUnitReportReporter -->
<testsuite hostname="DESKTOP-PBGSVI3" failures="0" tests="1" name="ch5_calculator" time="50.571" errors="0" timestamp="2023-03-09T20:28:16 IST" skipped="0">
  <testcase classname="ch5_calculator" name="tc1" time="50.571"/>
  <system-out/>
</testsuite> <!-- ch5_calculator -->
